# JRE version: Java(TM) SE Runtime Environment (19.0.1+10) (build 19.0.1+10-21)
# Java VM: Java HotSpot(TM) 64-Bit Server VM (19.0.1+10-21, mixed mode, sharing, tiered, compressed oops, compressed class ptrs, g1 gc, windows-amd64)
GC Precious Log:
 CardTable entry size: 512
 Card Set container configuration: InlinePtr #cards 4 size 8 Array Of Cards #cards 16 size 48 Howl #buckets 8 coarsen threshold 3686 Howl Bitmap #cards 512 size 80 coarsen threshold 460 Card regions per heap region 1 cards per card region 4096
 CPUs: 12 total, 12 available
 Memory: 16273M
 Large Page Support: Disabled
 NUMA Support: Disabled
 Compressed Oops: Enabled (Zero based)
 Heap Region Size: 2M
 Heap Min Capacity: 8M
 Heap Initial Capacity: 256M
 Heap Max Capacity: 4070M
 Pre-touch: Disabled
 Parallel Workers: 10
 Concurrent Workers: 3
 Concurrent Refinement Workers: 10
 Periodic GC: Disabled
Heap:
 garbage-first heap   total 55296K, used 17122K [0x0000000701a00000, 0x0000000800000000)
  region size 2048K, 1 young (2048K), 1 survivors (2048K)
 Metaspace       used 38147K, committed 38592K, reserved 1114112K
  class space    used 4522K, committed 4736K, reserved 1048576K
GC Heap History (19 events):
Event: 0.367 GC heap before
{Heap before GC invocations=0 (full 0):
 garbage-first heap   total 262144K, used 22528K [0x0000000701a00000, 0x0000000800000000)
  region size 2048K, 11 young (22528K), 0 survivors (0K)
 Metaspace       used 6128K, committed 6272K, reserved 1114112K
  class space    used 671K, committed 768K, reserved 1048576K
}
Event: 0.369 GC heap after
{Heap after GC invocations=1 (full 0):
 garbage-first heap   total 262144K, used 5022K [0x0000000701a00000, 0x0000000800000000)
  region size 2048K, 2 young (4096K), 2 survivors (4096K)
 Metaspace       used 6128K, committed 6272K, reserved 1114112K
  class space    used 671K, committed 768K, reserved 1048576K
}
Event: 0.591 GC heap before
{Heap before GC invocations=1 (full 0):
 garbage-first heap   total 262144K, used 31646K [0x0000000701a00000, 0x0000000800000000)
  region size 2048K, 15 young (30720K), 2 survivors (4096K)
 Metaspace       used 12800K, committed 13056K, reserved 1114112K
  class space    used 1494K, committed 1600K, reserved 1048576K
}
Event: 0.593 GC heap after
{Heap after GC invocations=2 (full 0):
 garbage-first heap   total 262144K, used 6710K [0x0000000701a00000, 0x0000000800000000)
  region size 2048K, 1 young (2048K), 1 survivors (2048K)
 Metaspace       used 12800K, committed 13056K, reserved 1114112K
  class space    used 1494K, committed 1600K, reserved 1048576K
}
Event: 1.201 GC heap before
{Heap before GC invocations=2 (full 0):
 garbage-first heap   total 262144K, used 57910K [0x0000000701a00000, 0x0000000800000000)
  region size 2048K, 27 young (55296K), 1 survivors (2048K)
 Metaspace       used 21193K, committed 21504K, reserved 1114112K
  class space    used 2547K, committed 2688K, reserved 1048576K
}
Event: 1.204 GC heap after
{Heap after GC invocations=3 (full 0):
 garbage-first heap   total 262144K, used 10226K [0x0000000701a00000, 0x0000000800000000)
  region size 2048K, 3 young (6144K), 3 survivors (6144K)
 Metaspace       used 21193K, committed 21504K, reserved 1114112K
  class space    used 2547K, committed 2688K, reserved 1048576K
}
Event: 1.586 GC heap before
{Heap before GC invocations=4 (full 0):
 garbage-first heap   total 55296K, used 36850K [0x0000000701a00000, 0x0000000800000000)
  region size 2048K, 16 young (32768K), 3 survivors (6144K)
 Metaspace       used 26391K, committed 26752K, reserved 1114112K
  class space    used 3191K, committed 3328K, reserved 1048576K
}
Event: 1.589 GC heap after
{Heap after GC invocations=5 (full 0):
 garbage-first heap   total 55296K, used 13063K [0x0000000701a00000, 0x0000000800000000)
  region size 2048K, 2 young (4096K), 2 survivors (4096K)
 Metaspace       used 26391K, committed 26752K, reserved 1114112K
  class space    used 3191K, committed 3328K, reserved 1048576K
}
Event: 1.597 GC heap before
{Heap before GC invocations=5 (full 0):
 garbage-first heap   total 55296K, used 15111K [0x0000000701a00000, 0x0000000800000000)
  region size 2048K, 3 young (6144K), 2 survivors (4096K)
 Metaspace       used 26450K, committed 26752K, reserved 1114112K
  class space    used 3195K, committed 3328K, reserved 1048576K
}
Event: 1.599 GC heap after
{Heap after GC invocations=6 (full 0):
 garbage-first heap   total 55296K, used 13584K [0x0000000701a00000, 0x0000000800000000)
  region size 2048K, 1 young (2048K), 1 survivors (2048K)
 Metaspace       used 26450K, committed 26752K, reserved 1114112K
  class space    used 3195K, committed 3328K, reserved 1048576K
}
Event: 1.880 GC heap before
{Heap before GC invocations=6 (full 0):
 garbage-first heap   total 55296K, used 36112K [0x0000000701a00000, 0x0000000800000000)
  region size 2048K, 12 young (24576K), 1 survivors (2048K)
 Metaspace       used 32085K, committed 32448K, reserved 1114112K
  class space    used 3899K, committed 4032K, reserved 1048576K
}
Event: 1.882 GC heap after
{Heap after GC invocations=7 (full 0):
 garbage-first heap   total 55296K, used 15186K [0x0000000701a00000, 0x0000000800000000)
  region size 2048K, 2 young (4096K), 2 survivors (4096K)
 Metaspace       used 32085K, committed 32448K, reserved 1114112K
  class space    used 3899K, committed 4032K, reserved 1048576K
}
Event: 6.248 GC heap before
{Heap before GC invocations=7 (full 0):
 garbage-first heap   total 55296K, used 31570K [0x0000000701a00000, 0x0000000800000000)
  region size 2048K, 11 young (22528K), 2 survivors (4096K)
 Metaspace       used 35527K, committed 35968K, reserved 1114112K
  class space    used 4288K, committed 4480K, reserved 1048576K
}
Event: 6.250 GC heap after
{Heap after GC invocations=8 (full 0):
 garbage-first heap   total 55296K, used 16761K [0x0000000701a00000, 0x0000000800000000)
  region size 2048K, 1 young (2048K), 1 survivors (2048K)
 Metaspace       used 35527K, committed 35968K, reserved 1114112K
  class space    used 4288K, committed 4480K, reserved 1048576K
}
Event: 16.337 GC heap before
{Heap before GC invocations=9 (full 0):
 garbage-first heap   total 55296K, used 39289K [0x0000000701a00000, 0x0000000800000000)
  region size 2048K, 12 young (24576K), 1 survivors (2048K)
 Metaspace       used 38021K, committed 38464K, reserved 1114112K
  class space    used 4522K, committed 4736K, reserved 1048576K
}
Event: 16.338 GC heap after
{Heap after GC invocations=10 (full 0):
 garbage-first heap   total 55296K, used 17501K [0x0000000701a00000, 0x0000000800000000)
  region size 2048K, 2 young (4096K), 2 survivors (4096K)
 Metaspace       used 38021K, committed 38464K, reserved 1114112K
  class space    used 4522K, committed 4736K, reserved 1048576K
}
Event: 16.342 GC heap before
{Heap before GC invocations=10 (full 0):
 garbage-first heap   total 55296K, used 19549K [0x0000000701a00000, 0x0000000800000000)
  region size 2048K, 3 young (6144K), 2 survivors (4096K)
 Metaspace       used 38031K, committed 38464K, reserved 1114112K
  class space    used 4522K, committed 4736K, reserved 1048576K
}
Event: 16.343 GC heap after
{Heap after GC invocations=11 (full 0):
 garbage-first heap   total 55296K, used 17134K [0x0000000701a00000, 0x0000000800000000)
  region size 2048K, 1 young (2048K), 1 survivors (2048K)
 Metaspace       used 38031K, committed 38464K, reserved 1114112K
  class space    used 4522K, committed 4736K, reserved 1048576K
}
Event: 19.648 GC heap before
{Heap before GC invocations=11 (full 0):
 garbage-first heap   total 55296K, used 37614K [0x0000000701a00000, 0x0000000800000000)
  region size 2048K, 12 young (24576K), 1 survivors (2048K)
 Metaspace       used 38147K, committed 38592K, reserved 1114112K
  class space    used 4522K, committed 4736K, reserved 1048576K
}

